<?xml version="1.0" encoding="UTF-8"?>
<testsuite name="gradle.init.build.project.example.AppTest" tests="1" skipped="0" failures="0" errors="0" timestamp="2023-01-09T18:33:54" hostname="ILEGRA-DDTRCJ3" time="0.001">
  <properties/>
  <testcase name="testAppHasAGreeting" classname="gradle.init.build.project.example.AppTest" time="0.001"/>
  <system-out><![CDATA[]]></system-out>
  <system-err><![CDATA[]]></system-err>
</testsuite>
